20: Android: Pixel_5_API_34: com.qa.pages.LoginPage: login is: invalid_username
20: Android: Pixel_5_API_34: com.qa.pages.LoginPage: password is: secret_sauce
20: Android: Pixel_5_API_34: com.qa.pages.LoginPage: press login button
20: Android: Pixel_5_API_34: com.qa.pages.LoginPage: error text is: Username and password do not match any user in this service.
20: Android: Pixel_5_API_34: com.qa.pages.LoginPage: login is: standard_user
20: Android: Pixel_5_API_34: com.qa.pages.LoginPage: password is: secret_sauce
20: Android: Pixel_5_API_34: com.qa.pages.LoginPage: press login button
20: Android: Pixel_5_API_34: com.qa.pages.ProductsPage: title is: Sauce Labs Backpack
20: Android: Pixel_5_API_34: com.qa.pages.ProductsPage: price is: $29.99
20: Android: Pixel_5_API_34: com.qa.pages.MenuPage: press Settings button
20: Android: Pixel_5_API_34: com.qa.pages.SettingsPage: press logout button
20: Android: Pixel_5_API_34: com.qa.pages.LoginPage: login is: standard_user
20: Android: Pixel_5_API_34: com.qa.pages.LoginPage: password is: invalid_password
20: Android: Pixel_5_API_34: com.qa.pages.LoginPage: press login button
20: Android: Pixel_5_API_34: com.qa.pages.LoginPage: error text is: Username and password do not match any user in this service.
20: Android: Pixel_5_API_34: com.qa.pages.LoginPage: login is: standard_user
20: Android: Pixel_5_API_34: com.qa.pages.LoginPage: password is: secret_sauce
20: Android: Pixel_5_API_34: com.qa.pages.LoginPage: press login button
20: Android: Pixel_5_API_34: com.qa.pages.ProductsPage: press SLB title
20: Android: Pixel_5_API_34: com.qa.pages.ProductDetailsPage: title is: carry.allTheThings() with the sleek, streamlined Sly Pack that melds uncompromising style with unequaled laptop and tablet protection.
20: Android: Pixel_5_API_34: com.qa.pages.ProductDetailsPage: title is: carry.allTheThings() with the sleek, streamlined Sly Pack that melds uncompromising style with unequaled laptop and tablet protection.
20: Android: Pixel_5_API_34: com.qa.pages.ProductDetailsPage: scrolling to SLB price
20: Android: Pixel_5_API_34: com.qa.pages.ProductDetailsPage: title is: $29.99
20: Android: Pixel_5_API_34: com.qa.pages.ProductDetailsPage: add to card button is displayed
20: Android: Pixel_5_API_34: com.qa.pages.ProductDetailsPage: press back to product button
20: Android: Pixel_5_API_34: com.qa.pages.MenuPage: press Settings button
20: Android: Pixel_5_API_34: com.qa.pages.SettingsPage: press logout button
20: Android: Pixel_5_API_34: com.qa.listeners.TestListener: org.openqa.selenium.TimeoutException: Expected condition failed: waiting for visibility of Located by By.chained({AppiumBy.accessibilityId: test-Username}) (tried for 10 second(s) with 500 milliseconds interval)
	at org.openqa.selenium.support.ui.WebDriverWait.timeoutException(WebDriverWait.java:84)
	at org.openqa.selenium.support.ui.FluentWait.until(FluentWait.java:228)
	at com.qa.BaseTest.waitForVisibility(BaseTest.java:267)
	at com.qa.BaseTest.clearField(BaseTest.java:308)
	at com.qa.pages.LoginPage.enterUserName(LoginPage.java:32)
	at com.qa.tests.LoginTests.performLogin(LoginTests.java:57)
	at com.qa.tests.LoginTests.validLoginAndPasswordTest(LoginTests.java:78)
	at java.base/jdk.internal.reflect.NativeMethodAccessorImpl.invoke0(Native Method)
	at java.base/jdk.internal.reflect.NativeMethodAccessorImpl.invoke(NativeMethodAccessorImpl.java:77)
	at java.base/jdk.internal.reflect.DelegatingMethodAccessorImpl.invoke(DelegatingMethodAccessorImpl.java:43)
	at java.base/java.lang.reflect.Method.invoke(Method.java:568)
	at org.testng.internal.invokers.MethodInvocationHelper.invokeMethod(MethodInvocationHelper.java:141)
	at org.testng.internal.invokers.TestInvoker.invokeMethod(TestInvoker.java:686)
	at org.testng.internal.invokers.TestInvoker.invokeTestMethod(TestInvoker.java:230)
	at org.testng.internal.invokers.MethodRunner.runInSequence(MethodRunner.java:63)
	at org.testng.internal.invokers.TestInvoker$MethodInvocationAgent.invoke(TestInvoker.java:992)
	at org.testng.internal.invokers.TestInvoker.invokeTestMethods(TestInvoker.java:203)
	at org.testng.internal.invokers.TestMethodWorker.invokeTestMethods(TestMethodWorker.java:154)
	at org.testng.internal.invokers.TestMethodWorker.run(TestMethodWorker.java:134)
	at java.base/java.util.ArrayList.forEach(ArrayList.java:1511)
	at org.testng.TestRunner.privateRun(TestRunner.java:739)
	at org.testng.TestRunner.run(TestRunner.java:614)
	at org.testng.SuiteRunner.runTest(SuiteRunner.java:421)
	at org.testng.SuiteRunner$SuiteWorker.run(SuiteRunner.java:463)
	at org.testng.internal.thread.ThreadUtil.lambda$execute$0(ThreadUtil.java:64)
	at java.base/java.util.concurrent.FutureTask.run(FutureTask.java:264)
	at java.base/java.util.concurrent.ThreadPoolExecutor.runWorker(ThreadPoolExecutor.java:1136)
	at java.base/java.util.concurrent.ThreadPoolExecutor$Worker.run(ThreadPoolExecutor.java:635)
	at java.base/java.lang.Thread.run(Thread.java:842)
Caused by: org.openqa.selenium.NoSuchElementException: Can't locate an element by this strategy: By.chained({AppiumBy.accessibilityId: test-Username})
	at io.appium.java_client.pagefactory.AppiumElementLocator.findElement(AppiumElementLocator.java:166)
	at io.appium.java_client.pagefactory.interceptors.InterceptorOfASingleElement.call(InterceptorOfASingleElement.java:75)
	at io.appium.java_client.proxy.Interceptor.intercept(Interceptor.java:78)
	at org.openqa.selenium.remote.RemoteWebElement$ByteBuddy$Ndq88sY6.isDisplayed(Unknown Source)
	at org.openqa.selenium.support.ui.ExpectedConditions.elementIfVisible(ExpectedConditions.java:304)
	at org.openqa.selenium.support.ui.ExpectedConditions$10.apply(ExpectedConditions.java:290)
	at org.openqa.selenium.support.ui.ExpectedConditions$10.apply(ExpectedConditions.java:287)
	at org.openqa.selenium.support.ui.FluentWait.until(FluentWait.java:203)
	... 27 more
Caused by: org.openqa.selenium.TimeoutException: Expected condition failed: waiting for io.appium.java_client.pagefactory.AppiumElementLocator$WaitingFunction@1bb28c9a (tried for 1 second(s) with 500 milliseconds interval)
	at org.openqa.selenium.support.ui.FluentWait.timeoutException(FluentWait.java:265)
	at org.openqa.selenium.support.ui.FluentWait.until(FluentWait.java:228)
	at io.appium.java_client.pagefactory.AppiumElementLocator.waitFor(AppiumElementLocator.java:135)
	at io.appium.java_client.pagefactory.AppiumElementLocator.findElement(AppiumElementLocator.java:160)
	... 34 more
Caused by: org.openqa.selenium.NoSuchElementException: Cannot locate an element using By.chained({AppiumBy.accessibilityId: test-Username})
For documentation on this error, please visit: https://www.selenium.dev/documentation/webdriver/troubleshooting/errors#no-such-element-exception
Build info: version: '4.26.0', revision: '8ccf0219d7'
System info: os.name: 'Mac OS X', os.arch: 'aarch64', os.version: '15.1', java.version: '17.0.9'
Driver info: driver.version: RemoteWebDriver
	at io.appium.java_client.pagefactory.bys.builder.ByChained.findElement(ByChained.java:74)
	at org.openqa.selenium.remote.ElementLocation$ElementFinder$1.findElement(ElementLocation.java:139)
	at org.openqa.selenium.remote.ElementLocation.findElement(ElementLocation.java:59)
	at org.openqa.selenium.remote.RemoteWebDriver.findElement(RemoteWebDriver.java:368)
	at org.openqa.selenium.remote.RemoteWebDriver.findElement(RemoteWebDriver.java:362)
	at io.appium.java_client.pagefactory.bys.ContentMappedBy.findElement(ContentMappedBy.java:54)
	at org.openqa.selenium.remote.ElementLocation$ElementFinder$1.findElement(ElementLocation.java:139)
	at org.openqa.selenium.remote.ElementLocation.findElement(ElementLocation.java:59)
	at org.openqa.selenium.remote.RemoteWebDriver.findElement(RemoteWebDriver.java:368)
	at org.openqa.selenium.remote.RemoteWebDriver.findElement(RemoteWebDriver.java:362)
	at io.appium.java_client.pagefactory.AppiumElementLocator.lambda$findElement$1(AppiumElementLocator.java:160)
	at io.appium.java_client.pagefactory.AppiumElementLocator$WaitingFunction.apply(AppiumElementLocator.java:217)
	at io.appium.java_client.pagefactory.AppiumElementLocator$WaitingFunction.apply(AppiumElementLocator.java:210)
	at org.openqa.selenium.support.ui.FluentWait.until(FluentWait.java:203)
	... 36 more

